#
# There is insufficient memory for the Java Runtime Environment to continue.
# Native memory allocation (malloc) failed to allocate 264016 bytes for Chunk::new
# Possible reasons:
#   The system is out of physical RAM or swap space
#   In 32 bit mode, the process size limit was hit
# Possible solutions:
#   Reduce memory load on the system
#   Increase physical memory or swap space
#   Check if swap backing store is full
#   Use 64 bit Java on a 64 bit OS
#   Decrease Java heap size (-Xmx/-Xms)
#   Decrease number of Java threads
#   Decrease Java thread stack sizes (-Xss)
#   Set larger code cache with -XX:ReservedCodeCacheSize=
# This output file may be truncated or incomplete.
#
#  Out of Memory Error (allocation.cpp:390), pid=6136, tid=0x0000000000002550
#
# JRE version: OpenJDK Runtime Environment (8.0_152-b01) (build 1.8.0_152-release-915-b01)
# Java VM: OpenJDK 64-Bit Server VM (25.152-b01 mixed mode windows-amd64 compressed oops)
# Failed to write core dump. Minidumps are not enabled by default on client versions of Windows
#

---------------  T H R E A D  ---------------

Current thread (0x00000000165c3800):  JavaThread "C2 CompilerThread0" daemon [_thread_in_native, id=9552, stack(0x0000000017c10000,0x0000000017d10000)]

Stack: [0x0000000017c10000,0x0000000017d10000]
[error occurred during error reporting (printing stack bounds), id 0xc0000005]

Native frames: (J=compiled Java code, j=interpreted, Vv=VM code, C=native code)


Current CompileTask:
C2:  26203 9267       4       com.sun.tools.javac.code.Types$SignatureGenerator::assembleSig (506 bytes)


---------------  P R O C E S S  ---------------

Java Threads: ( => current thread )
  0x000000001cf48000 JavaThread "Cache worker for Java compile cache (C:\Users\analitik2\Desktop\Studium\Medieninfo\VocabluryBooster\.gradle\4.1\javaCompile)" [_thread_blocked, id=8596, stack(0x0000000022e20000,0x0000000022f20000)]
  0x000000001cf47000 JavaThread "Task worker for ':' Thread 3" [_thread_blocked, id=968, stack(0x0000000023450000,0x0000000023550000)]
  0x000000001cf48800 JavaThread "Task worker for ':' Thread 2" [_thread_blocked, id=3052, stack(0x0000000023350000,0x0000000023450000)]
  0x000000001cf4a000 JavaThread "Task worker for ':'" [_thread_blocked, id=12512, stack(0x0000000022fe0000,0x00000000230e0000)]
  0x000000001cf46800 JavaThread "Cache worker for task history cache (C:\Users\analitik2\Desktop\Studium\Medieninfo\VocabluryBooster\.gradle\4.1\taskHistory)" [_thread_blocked, id=2912, stack(0x0000000023110000,0x0000000023210000)]
  0x000000001c421000 JavaThread "Cache worker for file content cache (C:\Users\analitik2\Desktop\Studium\Medieninfo\VocabluryBooster\.gradle\4.1\fileContent)" [_thread_blocked, id=9164, stack(0x0000000022d20000,0x0000000022e20000)]
  0x000000001c41f800 JavaThread "Memory manager" [_thread_blocked, id=2616, stack(0x0000000021b60000,0x0000000021c60000)]
  0x000000001c420800 JavaThread "build operations Thread 4" [_thread_blocked, id=6840, stack(0x0000000021760000,0x0000000021860000)]
  0x000000001c41f000 JavaThread "build operations Thread 3" [_thread_blocked, id=12752, stack(0x0000000021660000,0x0000000021760000)]
  0x000000001c41c000 JavaThread "build operations Thread 2" [_thread_blocked, id=9492, stack(0x000000001f0e0000,0x000000001f1e0000)]
  0x000000001c41e000 JavaThread "build operations" [_thread_blocked, id=8216, stack(0x000000001ed50000,0x000000001ee50000)]
  0x000000001c41b000 JavaThread "Cache worker for Artifact transforms cache (C:\Users\analitik2\.gradle\caches\transforms-1)" [_thread_blocked, id=12168, stack(0x000000001d440000,0x000000001d540000)]
  0x00000000196bb000 JavaThread "Cache worker for file hash cache (C:\Users\analitik2\Desktop\Studium\Medieninfo\VocabluryBooster\.gradle\4.1\fileHashes)" [_thread_blocked, id=5736, stack(0x000000001b3a0000,0x000000001b4a0000)]
  0x000000001966c800 JavaThread "File lock request listener" [_thread_in_native, id=8840, stack(0x000000001b0a0000,0x000000001b1a0000)]
  0x00000000196f8800 JavaThread "Cache worker for file hash cache (C:\Users\analitik2\.gradle\caches\4.1\fileHashes)" [_thread_blocked, id=3236, stack(0x000000001afa0000,0x000000001b0a0000)]
  0x000000001905d800 JavaThread "Stdin handler" [_thread_blocked, id=11324, stack(0x000000001aea0000,0x000000001afa0000)]
  0x0000000018f85000 JavaThread "Asynchronous log dispatcher for DefaultDaemonConnection: socket connection from /127.0.0.1:52532 to /127.0.0.1:52533" [_thread_blocked, id=1804, stack(0x000000001ada0000,0x000000001aea0000)]
  0x00000000199aa800 JavaThread "Daemon worker" [_thread_in_native, id=8036, stack(0x000000001aca0000,0x000000001ada0000)]
  0x00000000199a9800 JavaThread "Cancel handler" [_thread_blocked, id=8080, stack(0x000000001aba0000,0x000000001aca0000)]
  0x0000000018f4e000 JavaThread "Handler for socket connection from /127.0.0.1:52532 to /127.0.0.1:52533" [_thread_in_native, id=8108, stack(0x000000001a8a0000,0x000000001a9a0000)]
  0x0000000018f4d800 JavaThread "Daemon" [_thread_blocked, id=10136, stack(0x000000001a7a0000,0x000000001a8a0000)]
  0x0000000019416000 JavaThread "Daemon periodic checks" [_thread_blocked, id=11576, stack(0x000000001a6a0000,0x000000001a7a0000)]
  0x0000000019409800 JavaThread "Incoming local TCP Connector on port 52532" [_thread_in_native, id=12372, stack(0x000000001a1c0000,0x000000001a2c0000)]
  0x000000001661e800 JavaThread "Service Thread" daemon [_thread_blocked, id=11392, stack(0x0000000018310000,0x0000000018410000)]
  0x00000000165cb000 JavaThread "C1 CompilerThread2" daemon [_thread_blocked, id=8644, stack(0x0000000017e10000,0x0000000017f10000)]
  0x00000000165c7000 JavaThread "C2 CompilerThread1" daemon [_thread_in_native, id=2132, stack(0x0000000017d10000,0x0000000017e10000)]
=>0x00000000165c3800 JavaThread "C2 CompilerThread0" daemon [_thread_in_native, id=9552, stack(0x0000000017c10000,0x0000000017d10000)]
  0x00000000165bf000 JavaThread "Attach Listener" daemon [_thread_blocked, id=11932, stack(0x0000000017b10000,0x0000000017c10000)]
  0x00000000165bb800 JavaThread "Signal Dispatcher" daemon [_thread_blocked, id=732, stack(0x0000000017a10000,0x0000000017b10000)]
  0x0000000002c4d800 JavaThread "Finalizer" daemon [_thread_blocked, id=7936, stack(0x0000000017830000,0x0000000017930000)]
  0x0000000002c42800 JavaThread "Reference Handler" daemon [_thread_blocked, id=10976, stack(0x0000000017730000,0x0000000017830000)]
  0x0000000002b52800 JavaThread "main" [_thread_blocked, id=7236, stack(0x0000000002a30000,0x0000000002b30000)]

Other Threads:
  0x0000000016585000 VMThread [stack: 0x0000000017630000,0x0000000017730000] [id=6304]
  0x0000000017f38800 WatcherThread [stack: 0x0000000018410000,0x0000000018510000] [id=12840]

VM state:not at safepoint (normal execution)

VM Mutex/Monitor currently owned by a thread: None

Heap:
 PSYoungGen      total 174080K, used 70225K [0x00000000e0000000, 0x00000000ecb80000, 0x0000000100000000)
  eden space 157696K, 44% used [0x00000000e0000000,0x00000000e4494528,0x00000000e9a00000)
  from space 16384K, 0% used [0x00000000eae00000,0x00000000eae00000,0x00000000ebe00000)
  to   space 20480K, 0% used [0x00000000e9a00000,0x00000000e9a00000,0x00000000eae00000)
 ParOldGen       total 160768K, used 35219K [0x00000000a0000000, 0x00000000a9d00000, 0x00000000e0000000)
  object space 160768K, 21% used [0x00000000a0000000,0x00000000a2264fb0,0x00000000a9d00000)
 Metaspace       used 60656K, capacity 62566K, committed 62808K, reserved 1103872K
  class space    used 8026K, capacity 8464K, committed 8576K, reserved 1048576K

Card table byte_map: [0x0000000012010000,0x0000000012320000] byte_map_base: 0x0000000011b10000

Marking Bits: (ParMarkBitMap*) 0x000000006bdf3950
 Begin Bits: [0x0000000012920000, 0x0000000014120000)
 End Bits:   [0x0000000014120000, 0x0000000015920000)

Polling page: 0x0000000001270000

CodeCache: size=245760Kb used=27984Kb max_used=27995Kb free=217775Kb
 bounds [0x0000000002c50000, 0x00000000047d0000, 0x0000000011c50000]
 total_blobs=8835 nmethods=8056 adapters=691
 compilation: enabled

Compilation events (10 events):
Event: 26.169 Thread 0x00000000165cb000 9263       1       com.sun.tools.javac.jvm.Pool::numEntries (5 bytes)
Event: 26.169 Thread 0x00000000165cb000 nmethod 9263 0x00000000047afd50 code [0x00000000047afea0, 0x00000000047affb0]
Event: 26.169 Thread 0x00000000165cb000 9264       3       com.sun.tools.javac.file.JavacFileManager::getClassOutDir (11 bytes)
Event: 26.170 Thread 0x00000000165cb000 nmethod 9264 0x00000000047b0410 code [0x00000000047b05e0, 0x00000000047b0cf8]
Event: 26.170 Thread 0x00000000165cb000 9265       3       com.sun.tools.javac.file.Locations::getOutputLocation (31 bytes)
Event: 26.170 Thread 0x00000000165cb000 nmethod 9265 0x00000000047c14d0 code [0x00000000047c16a0, 0x00000000047c1d58]
Event: 26.174 Thread 0x00000000165c7000 9266       4       com.sun.tools.javac.jvm.ClassWriter$CWSignatureGenerator::assembleSig (74 bytes)
Event: 26.174 Thread 0x00000000165c3800 9267       4       com.sun.tools.javac.code.Types$SignatureGenerator::assembleSig (506 bytes)
Event: 26.177 Thread 0x00000000165c7000 nmethod 9266 0x00000000047c0f50 code [0x00000000047c10c0, 0x00000000047c1248]
Event: 26.181 Thread 0x00000000165c7000 9268       4       java.net.URI::quote (208 bytes)

GC Heap History (10 events):
Event: 9.297 GC heap before
{Heap before GC invocations=9 (full 2):
 PSYoungGen      total 108032K, used 9715K [0x00000000e0000000, 0x00000000ea100000, 0x0000000100000000)
  eden space 97280K, 0% used [0x00000000e0000000,0x00000000e0000000,0x00000000e5f00000)
  from space 10752K, 90% used [0x00000000e5f00000,0x00000000e687cec0,0x00000000e6980000)
  to   space 11776K, 0% used [0x00000000e9580000,0x00000000e9580000,0x00000000ea100000)
 ParOldGen       total 64000K, used 11129K [0x00000000a0000000, 0x00000000a3e80000, 0x00000000e0000000)
  object space 64000K, 17% used [0x00000000a0000000,0x00000000a0ade418,0x00000000a3e80000)
 Metaspace       used 34484K, capacity 35234K, committed 35416K, reserved 1079296K
  class space    used 4678K, capacity 4965K, committed 4992K, reserved 1048576K
Event: 9.432 GC heap after
Heap after GC invocations=9 (full 2):
 PSYoungGen      total 108032K, used 0K [0x00000000e0000000, 0x00000000ea100000, 0x0000000100000000)
  eden space 97280K, 0% used [0x00000000e0000000,0x00000000e0000000,0x00000000e5f00000)
  from space 10752K, 0% used [0x00000000e5f00000,0x00000000e5f00000,0x00000000e6980000)
  to   space 11776K, 0% used [0x00000000e9580000,0x00000000e9580000,0x00000000ea100000)
 ParOldGen       total 101888K, used 15814K [0x00000000a0000000, 0x00000000a6380000, 0x00000000e0000000)
  object space 101888K, 15% used [0x00000000a0000000,0x00000000a0f71878,0x00000000a6380000)
 Metaspace       used 34484K, capacity 35234K, committed 35416K, reserved 1079296K
  class space    used 4678K, capacity 4965K, committed 4992K, reserved 1048576K
}
Event: 11.572 GC heap before
{Heap before GC invocations=10 (full 2):
 PSYoungGen      total 108032K, used 97280K [0x00000000e0000000, 0x00000000ea100000, 0x0000000100000000)
  eden space 97280K, 100% used [0x00000000e0000000,0x00000000e5f00000,0x00000000e5f00000)
  from space 10752K, 0% used [0x00000000e5f00000,0x00000000e5f00000,0x00000000e6980000)
  to   space 11776K, 0% used [0x00000000e9580000,0x00000000e9580000,0x00000000ea100000)
 ParOldGen       total 101888K, used 15814K [0x00000000a0000000, 0x00000000a6380000, 0x00000000e0000000)
  object space 101888K, 15% used [0x00000000a0000000,0x00000000a0f71878,0x00000000a6380000)
 Metaspace       used 40963K, capacity 41762K, committed 42072K, reserved 1085440K
  class space    used 5445K, capacity 5721K, committed 5760K, reserved 1048576K
Event: 11.594 GC heap after
Heap after GC invocations=10 (full 2):
 PSYoungGen      total 143872K, used 10552K [0x00000000e0000000, 0x00000000ea000000, 0x0000000100000000)
  eden space 133120K, 0% used [0x00000000e0000000,0x00000000e0000000,0x00000000e8200000)
  from space 10752K, 98% used [0x00000000e9580000,0x00000000e9fce128,0x00000000ea000000)
  to   space 12288K, 0% used [0x00000000e8800000,0x00000000e8800000,0x00000000e9400000)
 ParOldGen       total 101888K, used 15822K [0x00000000a0000000, 0x00000000a6380000, 0x00000000e0000000)
  object space 101888K, 15% used [0x00000000a0000000,0x00000000a0f73878,0x00000000a6380000)
 Metaspace       used 40963K, capacity 41762K, committed 42072K, reserved 1085440K
  class space    used 5445K, capacity 5721K, committed 5760K, reserved 1048576K
}
Event: 14.890 GC heap before
{Heap before GC invocations=11 (full 2):
 PSYoungGen      total 143872K, used 143672K [0x00000000e0000000, 0x00000000ea000000, 0x0000000100000000)
  eden space 133120K, 100% used [0x00000000e0000000,0x00000000e8200000,0x00000000e8200000)
  from space 10752K, 98% used [0x00000000e9580000,0x00000000e9fce128,0x00000000ea000000)
  to   space 12288K, 0% used [0x00000000e8800000,0x00000000e8800000,0x00000000e9400000)
 ParOldGen       total 101888K, used 15822K [0x00000000a0000000, 0x00000000a6380000, 0x00000000e0000000)
  object space 101888K, 15% used [0x00000000a0000000,0x00000000a0f73878,0x00000000a6380000)
 Metaspace       used 51799K, capacity 53498K, committed 53848K, reserved 1095680K
  class space    used 7028K, capacity 7442K, committed 7552K, reserved 1048576K
Event: 14.923 GC heap after
Heap after GC invocations=11 (full 2):
 PSYoungGen      total 151552K, used 12285K [0x00000000e0000000, 0x00000000ebe00000, 0x0000000100000000)
  eden space 139264K, 0% used [0x00000000e0000000,0x00000000e0000000,0x00000000e8800000)
  from space 12288K, 99% used [0x00000000e8800000,0x00000000e93ff4e0,0x00000000e9400000)
  to   space 16384K, 0% used [0x00000000eae00000,0x00000000eae00000,0x00000000ebe00000)
 ParOldGen       total 101888K, used 22336K [0x00000000a0000000, 0x00000000a6380000, 0x00000000e0000000)
  object space 101888K, 21% used [0x00000000a0000000,0x00000000a15d0290,0x00000000a6380000)
 Metaspace       used 51799K, capacity 53498K, committed 53848K, reserved 1095680K
  class space    used 7028K, capacity 7442K, committed 7552K, reserved 1048576K
}
Event: 20.629 GC heap before
{Heap before GC invocations=12 (full 2):
 PSYoungGen      total 151552K, used 151549K [0x00000000e0000000, 0x00000000ebe00000, 0x0000000100000000)
  eden space 139264K, 100% used [0x00000000e0000000,0x00000000e8800000,0x00000000e8800000)
  from space 12288K, 99% used [0x00000000e8800000,0x00000000e93ff4e0,0x00000000e9400000)
  to   space 16384K, 0% used [0x00000000eae00000,0x00000000eae00000,0x00000000ebe00000)
 ParOldGen       total 101888K, used 22336K [0x00000000a0000000, 0x00000000a6380000, 0x00000000e0000000)
  object space 101888K, 21% used [0x00000000a0000000,0x00000000a15d0290,0x00000000a6380000)
 Metaspace       used 57019K, capacity 58918K, committed 59028K, reserved 1099776K
  class space    used 7688K, capacity 8144K, committed 8192K, reserved 1048576K
Event: 20.677 GC heap after
Heap after GC invocations=12 (full 2):
 PSYoungGen      total 174080K, used 16377K [0x00000000e0000000, 0x00000000ecb80000, 0x0000000100000000)
  eden space 157696K, 0% used [0x00000000e0000000,0x00000000e0000000,0x00000000e9a00000)
  from space 16384K, 99% used [0x00000000eae00000,0x00000000ebdfe590,0x00000000ebe00000)
  to   space 20480K, 0% used [0x00000000e9a00000,0x00000000e9a00000,0x00000000eae00000)
 ParOldGen       total 101888K, used 27840K [0x00000000a0000000, 0x00000000a6380000, 0x00000000e0000000)
  object space 101888K, 27% used [0x00000000a0000000,0x00000000a1b301c8,0x00000000a6380000)
 Metaspace       used 57019K, capacity 58918K, committed 59028K, reserved 1099776K
  class space    used 7688K, capacity 8144K, committed 8192K, reserved 1048576K
}
Event: 20.677 GC heap before
{Heap before GC invocations=13 (full 3):
 PSYoungGen      total 174080K, used 16377K [0x00000000e0000000, 0x00000000ecb80000, 0x0000000100000000)
  eden space 157696K, 0% used [0x00000000e0000000,0x00000000e0000000,0x00000000e9a00000)
  from space 16384K, 99% used [0x00000000eae00000,0x00000000ebdfe590,0x00000000ebe00000)
  to   space 20480K, 0% used [0x00000000e9a00000,0x00000000e9a00000,0x00000000eae00000)
 ParOldGen       total 101888K, used 27840K [0x00000000a0000000, 0x00000000a6380000, 0x00000000e0000000)
  object space 101888K, 27% used [0x00000000a0000000,0x00000000a1b301c8,0x00000000a6380000)
 Metaspace       used 57019K, capacity 58918K, committed 59028K, reserved 1099776K
  class space    used 7688K, capacity 8144K, committed 8192K, reserved 1048576K
Event: 21.328 GC heap after
Heap after GC invocations=13 (full 3):
 PSYoungGen      total 174080K, used 0K [0x00000000e0000000, 0x00000000ecb80000, 0x0000000100000000)
  eden space 157696K, 0% used [0x00000000e0000000,0x00000000e0000000,0x00000000e9a00000)
  from space 16384K, 0% used [0x00000000eae00000,0x00000000eae00000,0x00000000ebe00000)
  to   space 20480K, 0% used [0x00000000e9a00000,0x00000000e9a00000,0x00000000eae00000)
 ParOldGen       total 160768K, used 35219K [0x00000000a0000000, 0x00000000a9d00000, 0x00000000e0000000)
  object space 160768K, 21% used [0x00000000a0000000,0x00000000a2264fb0,0x00000000a9d00000)
 Metaspace       used 57019K, capacity 58918K, committed 59028K, reserved 1099776K
  class space    used 7688K, capacity 8144K, committed 8192K, reserved 1048576K
}

Deoptimization events (10 events):
Event: 24.010 Thread 0x00000000199aa800 Uncommon trap: reason=bimorphic action=maybe_recompile pc=0x0000000004439de4 method=com.sun.tools.javac.code.Types$19.visitClassType(Lcom/sun/tools/javac/code/Type$ClassType;Ljava/lang/Void;)Lcom/sun/tools/javac/util/List; @ 46
Event: 24.010 Thread 0x00000000199aa800 Uncommon trap: reason=bimorphic action=maybe_recompile pc=0x0000000004439de4 method=com.sun.tools.javac.code.Types$19.visitClassType(Lcom/sun/tools/javac/code/Type$ClassType;Ljava/lang/Void;)Lcom/sun/tools/javac/util/List; @ 46
Event: 24.010 Thread 0x00000000199aa800 Uncommon trap: reason=bimorphic action=maybe_recompile pc=0x0000000004439de4 method=com.sun.tools.javac.code.Types$19.visitClassType(Lcom/sun/tools/javac/code/Type$ClassType;Ljava/lang/Void;)Lcom/sun/tools/javac/util/List; @ 46
Event: 24.445 Thread 0x00000000199aa800 Uncommon trap: reason=unstable_if action=reinterpret pc=0x0000000004465070 method=com.sun.tools.javac.comp.Check.checkType(Lcom/sun/tools/javac/util/JCDiagnostic$DiagnosticPosition;Lcom/sun/tools/javac/code/Type;Lcom/sun/tools/javac/code/Type;Lcom/sun/too
Event: 24.459 Thread 0x00000000199aa800 Uncommon trap: reason=unstable_if action=reinterpret pc=0x0000000004385428 method=com.sun.tools.javac.code.Scope.lookup(Lcom/sun/tools/javac/util/Name;Lcom/sun/tools/javac/util/Filter;)Lcom/sun/tools/javac/code/Scope$Entry; @ 19
Event: 24.510 Thread 0x00000000199aa800 Uncommon trap: reason=unstable_if action=reinterpret pc=0x00000000041df158 method=com.sun.tools.javac.util.ListBuffer.append(Ljava/lang/Object;)Lcom/sun/tools/javac/util/ListBuffer; @ 9
Event: 24.723 Thread 0x00000000199aa800 Uncommon trap: reason=class_check action=maybe_recompile pc=0x00000000044e3a50 method=com.sun.tools.javac.code.Types$14.visitClassType(Lcom/sun/tools/javac/code/Type$ClassType;Lcom/sun/tools/javac/code/Symbol;)Lcom/sun/tools/javac/code/Type; @ 97
Event: 24.723 Thread 0x00000000199aa800 Uncommon trap: reason=class_check action=maybe_recompile pc=0x00000000044e3a50 method=com.sun.tools.javac.code.Types$14.visitClassType(Lcom/sun/tools/javac/code/Type$ClassType;Lcom/sun/tools/javac/code/Symbol;)Lcom/sun/tools/javac/code/Type; @ 97
Event: 24.725 Thread 0x00000000199aa800 Uncommon trap: reason=class_check action=maybe_recompile pc=0x00000000044e3a50 method=com.sun.tools.javac.code.Types$14.visitClassType(Lcom/sun/tools/javac/code/Type$ClassType;Lcom/sun/tools/javac/code/Symbol;)Lcom/sun/tools/javac/code/Type; @ 97
Event: 24.725 Thread 0x00000000199aa800 Uncommon trap: reason=class_check action=maybe_recompile pc=0x00000000044e3a50 method=com.sun.tools.javac.code.Types$14.visitClassType(Lcom/sun/tools/javac/code/Type$ClassType;Lcom/sun/tools/javac/code/Symbol;)Lcom/sun/tools/javac/code/Type; @ 97

Classes redefined (0 events):
No events

Internal exceptions (10 events):
Event: 14.986 Thread 0x00000000199aa800 Exception <a 'java/lang/NoSuchMethodError': <clinit>> (0x00000000e01d54c8) thrown at [D:\src\AOSP-openjdk-cygwin\jdk8u\hotspot\src\share\vm\prims\jni.cpp, line 1613]
Event: 14.988 Thread 0x00000000199aa800 Exception <a 'java/lang/NoSuchMethodError': <clinit>> (0x00000000e01f11c8) thrown at [D:\src\AOSP-openjdk-cygwin\jdk8u\hotspot\src\share\vm\prims\jni.cpp, line 1613]
Event: 14.989 Thread 0x00000000199aa800 Exception <a 'java/lang/NoSuchMethodError': <clinit>> (0x00000000e01f3030) thrown at [D:\src\AOSP-openjdk-cygwin\jdk8u\hotspot\src\share\vm\prims\jni.cpp, line 1613]
Event: 16.587 Thread 0x00000000199aa800 Implicit null exception at 0x00000000035b3bde to 0x00000000035b3d61
Event: 17.344 Thread 0x000000001cf48800 Exception <a 'java/lang/NoSuchMethodError': <clinit>> (0x00000000e032d4d8) thrown at [D:\src\AOSP-openjdk-cygwin\jdk8u\hotspot\src\share\vm\prims\jni.cpp, line 1613]
Event: 17.346 Thread 0x000000001cf48800 Exception <a 'java/lang/NoSuchMethodError': <clinit>> (0x00000000e0336930) thrown at [D:\src\AOSP-openjdk-cygwin\jdk8u\hotspot\src\share\vm\prims\jni.cpp, line 1613]
Event: 17.751 Thread 0x000000001cf48000 Exception <a 'java/lang/NoSuchMethodError': java.lang.Object.lambda$negate$1(Ljava/lang/Object;)Z> (0x00000000e61a6ff0) thrown at [D:\src\AOSP-openjdk-cygwin\jdk8u\hotspot\src\share\vm\interpreter\linkResolver.cpp, line 584]
Event: 19.440 Thread 0x000000001cf48800 Exception <a 'java/lang/NoSuchMethodError': java.lang.Object.lambda$comparingInt$7b0bb60$1(Ljava/util/function/ToIntFunction;Ljava/lang/Object;Ljava/lang/Object;)I> (0x00000000e648d8c8) thrown at [D:\src\AOSP-openjdk-cygwin\jdk8u\hotspot\src\share\vm\inte
Event: 19.635 Thread 0x000000001cf48800 Exception <a 'java/lang/IncompatibleClassChangeError': Found class java.lang.Object, but interface was expected> (0x00000000e7012278) thrown at [D:\src\AOSP-openjdk-cygwin\jdk8u\hotspot\src\share\vm\interpreter\linkResolver.cpp, line 643]
Event: 20.254 Thread 0x00000000199aa800 Implicit null exception at 0x0000000003488427 to 0x00000000034894b9

Events (10 events):
Event: 24.725 Thread 0x00000000199aa800 Uncommon trap: trap_request=0xffffffde fr.pc=0x00000000044e3a50
Event: 24.725 Thread 0x00000000199aa800 DEOPT PACKING pc=0x00000000044e3a50 sp=0x000000001ad99490
Event: 24.725 Thread 0x00000000199aa800 DEOPT UNPACKING pc=0x0000000002c9556a sp=0x000000001ad993e8 mode 2
Event: 24.725 Thread 0x00000000199aa800 Uncommon trap: trap_request=0xffffffde fr.pc=0x00000000044e3a50
Event: 24.725 Thread 0x00000000199aa800 DEOPT PACKING pc=0x00000000044e3a50 sp=0x000000001ad99490
Event: 24.725 Thread 0x00000000199aa800 DEOPT UNPACKING pc=0x0000000002c9556a sp=0x000000001ad993e8 mode 2
Event: 24.838 Executing VM operation: ForceSafepoint
Event: 24.838 Executing VM operation: ForceSafepoint done
Event: 26.181 Thread 0x00000000199aa800 DEOPT PACKING pc=0x0000000002e5bf68 sp=0x000000001ad9a2e0
Event: 26.181 Thread 0x00000000199aa800 DEOPT UNPACKING pc=0x0000000002c975bf sp=0x000000001ad9a130 mode 0


Dynamic libraries:
0x00007ff7d1170000 - 0x00007ff7d11a1000 	C:\Program Files\Android\Android Studio\jre\bin\java.exe
0x00007ffcea6f0000 - 0x00007ffcea89d000 	C:\WINDOWS\SYSTEM32\ntdll.dll
0x00007ffce9d60000 - 0x00007ffce9e9e000 	C:\WINDOWS\system32\KERNEL32.DLL
0x00007ffce7b60000 - 0x00007ffce7c75000 	C:\WINDOWS\system32\KERNELBASE.dll
0x00007ffce9bb0000 - 0x00007ffce9c5a000 	C:\WINDOWS\system32\ADVAPI32.dll
0x00007ffcea0e0000 - 0x00007ffcea257000 	C:\WINDOWS\system32\USER32.dll
0x00007ffce54a0000 - 0x00007ffce571b000 	C:\WINDOWS\WinSxS\amd64_microsoft.windows.common-controls_6595b64144ccf1df_6.0.9600.18006_none_623f33d3ecbe86e8\COMCTL32.dll
0x00007ffce8100000 - 0x00007ffce81aa000 	C:\WINDOWS\system32\msvcrt.dll
0x00007ffce9c90000 - 0x00007ffce9ce9000 	C:\WINDOWS\SYSTEM32\sechost.dll
0x00007ffce7d80000 - 0x00007ffce7ec0000 	C:\WINDOWS\system32\RPCRT4.dll
0x00007ffcea5a0000 - 0x00007ffcea6f0000 	C:\WINDOWS\system32\GDI32.dll
0x00007ffce7950000 - 0x00007ffce797e000 	C:\WINDOWS\system32\SspiCli.dll
0x00007ffce7f20000 - 0x00007ffce7f56000 	C:\WINDOWS\system32\IMM32.DLL
0x00007ffce9a50000 - 0x00007ffce9ba2000 	C:\WINDOWS\system32\MSCTF.dll
0x000000006b550000 - 0x000000006b622000 	C:\Program Files\Android\Android Studio\jre\jre\bin\msvcr100.dll
0x000000006b630000 - 0x000000006be6e000 	C:\Program Files\Android\Android Studio\jre\jre\bin\server\jvm.dll
0x00007ffcdd6f0000 - 0x00007ffcdd6f9000 	C:\WINDOWS\SYSTEM32\WSOCK32.dll
0x00007ffcde7b0000 - 0x00007ffcde7d2000 	C:\WINDOWS\SYSTEM32\WINMM.dll
0x00007ffce3fe0000 - 0x00007ffce3fea000 	C:\WINDOWS\SYSTEM32\VERSION.dll
0x00007ffce9c70000 - 0x00007ffce9c77000 	C:\WINDOWS\system32\PSAPI.DLL
0x00007ffcea080000 - 0x00007ffcea0da000 	C:\WINDOWS\system32\WS2_32.dll
0x00007ffcde780000 - 0x00007ffcde7aa000 	C:\WINDOWS\SYSTEM32\WINMMBASE.dll
0x00007ffce9c80000 - 0x00007ffce9c89000 	C:\WINDOWS\system32\NSI.dll
0x00007ffce7d30000 - 0x00007ffce7d7f000 	C:\WINDOWS\SYSTEM32\cfgmgr32.dll
0x00007ffce6640000 - 0x00007ffce6668000 	C:\WINDOWS\SYSTEM32\DEVOBJ.dll
0x00007ffce0b80000 - 0x00007ffce0b8f000 	C:\Program Files\Android\Android Studio\jre\jre\bin\verify.dll
0x00007ffcd52e0000 - 0x00007ffcd5309000 	C:\Program Files\Android\Android Studio\jre\jre\bin\java.dll
0x00007ffcd5fb0000 - 0x00007ffcd5fc6000 	C:\Program Files\Android\Android Studio\jre\jre\bin\zip.dll
0x00007ffce8280000 - 0x00007ffce97aa000 	C:\WINDOWS\system32\SHELL32.dll
0x00007ffcea260000 - 0x00007ffcea471000 	C:\WINDOWS\SYSTEM32\combase.dll
0x00007ffce7ec0000 - 0x00007ffce7f14000 	C:\WINDOWS\system32\SHLWAPI.dll
0x00007ffce5dc0000 - 0x00007ffce5e72000 	C:\WINDOWS\SYSTEM32\SHCORE.dll
0x00007ffce7820000 - 0x00007ffce7835000 	C:\WINDOWS\SYSTEM32\profapi.dll
0x00007ffcd5270000 - 0x00007ffcd528a000 	C:\Program Files\Android\Android Studio\jre\jre\bin\net.dll
0x00007ffce7180000 - 0x00007ffce71d9000 	C:\WINDOWS\system32\mswsock.dll
0x00007ffcd3bf0000 - 0x00007ffcd3c01000 	C:\Program Files\Android\Android Studio\jre\jre\bin\nio.dll
0x00007ffccd990000 - 0x00007ffccd9ae000 	C:\Users\analitik2\.gradle\native\25\windows-amd64\native-platform.dll
0x00007ffcd5f60000 - 0x00007ffcd5f6d000 	C:\Program Files\Android\Android Studio\jre\jre\bin\management.dll
0x00007ffce71e0000 - 0x00007ffce7200000 	C:\WINDOWS\SYSTEM32\CRYPTSP.dll
0x00007ffce6d70000 - 0x00007ffce6da6000 	C:\WINDOWS\system32\rsaenh.dll
0x00007ffce72d0000 - 0x00007ffce72f6000 	C:\WINDOWS\SYSTEM32\bcrypt.dll
0x00007ffce6e20000 - 0x00007ffce6e41000 	C:\WINDOWS\SYSTEM32\USERENV.dll
0x00007ffce7620000 - 0x00007ffce7683000 	C:\WINDOWS\system32\bcryptprimitives.dll
0x00007ffce7790000 - 0x00007ffce779b000 	C:\WINDOWS\SYSTEM32\CRYPTBASE.dll
0x00007ffce14e0000 - 0x00007ffce150a000 	C:\WINDOWS\SYSTEM32\IPHLPAPI.DLL
0x00007ffce14d0000 - 0x00007ffce14da000 	C:\WINDOWS\SYSTEM32\WINNSI.DLL
0x00007ffce0150000 - 0x00007ffce0166000 	C:\WINDOWS\SYSTEM32\dhcpcsvc6.DLL
0x00007ffce0390000 - 0x00007ffce03aa000 	C:\WINDOWS\SYSTEM32\dhcpcsvc.DLL

VM Arguments:
jvm_args: -Xmx1536m -Dfile.encoding=windows-1251 -Duser.country=RU -Duser.language=ru -Duser.variant 
java_command: org.gradle.launcher.daemon.bootstrap.GradleDaemon 4.1
java_class_path (initial): C:\Users\analitik2\.gradle\wrapper\dists\gradle-4.1-all\bzyivzo6n839fup2jbap0tjew\gradle-4.1\lib\gradle-launcher-4.1.jar
Launcher Type: SUN_STANDARD

Environment Variables:
USERNAME=analitik
OS=Windows_NT
PROCESSOR_IDENTIFIER=Intel64 Family 6 Model 69 Stepping 1, GenuineIntel



---------------  S Y S T E M  ---------------

OS: Windows 8.1 , 64 bit Build 9600 (6.3.9600.17415)

CPU:total 4 (initial active 4) (2 cores per cpu, 2 threads per core) family 6 model 69 stepping 1, cmov, cx8, fxsr, mmx, sse, sse2, sse3, ssse3, sse4.1, sse4.2, popcnt, avx, avx2, aes, clmul, erms, lzcnt, ht, tsc, tscinvbit, bmi1, bmi2

Memory: 4k page, physical 8310040k(1616696k free), swap 11455768k(4900k free)

vm_info: OpenJDK 64-Bit Server VM (25.152-b01) for windows-amd64 JRE (1.8.0_152-release-915-b01), built by "builder" with MS VC++ 10.0 (VS2010)

time: Tue Mar 06 16:36:05 2018
elapsed time: 26 seconds (0d 0h 0m 26s)

