#
# There is insufficient memory for the Java Runtime Environment to continue.
# Native memory allocation (malloc) failed to allocate 768096 bytes for Chunk::new
# Possible reasons:
#   The system is out of physical RAM or swap space
#   In 32 bit mode, the process size limit was hit
# Possible solutions:
#   Reduce memory load on the system
#   Increase physical memory or swap space
#   Check if swap backing store is full
#   Use 64 bit Java on a 64 bit OS
#   Decrease Java heap size (-Xmx/-Xms)
#   Decrease number of Java threads
#   Decrease Java thread stack sizes (-Xss)
#   Set larger code cache with -XX:ReservedCodeCacheSize=
# This output file may be truncated or incomplete.
#
#  Out of Memory Error (allocation.cpp:390), pid=668, tid=0x0000000000002224
#
# JRE version: OpenJDK Runtime Environment (8.0_152-b01) (build 1.8.0_152-release-915-b01)
# Java VM: OpenJDK 64-Bit Server VM (25.152-b01 mixed mode windows-amd64 compressed oops)
# Failed to write core dump. Minidumps are not enabled by default on client versions of Windows
#

---------------  T H R E A D  ---------------

Current thread (0x0000000016021800):  JavaThread "C2 CompilerThread0" daemon [_thread_in_native, id=8740, stack(0x00000000176b0000,0x00000000177b0000)]

Stack: [0x00000000176b0000,0x00000000177b0000]
[error occurred during error reporting (printing stack bounds), id 0xc0000005]

Native frames: (J=compiled Java code, j=interpreted, Vv=VM code, C=native code)


Current CompileTask:
C2:  19555 9684       4       org.objectweb.asm.ClassReader::a (3351 bytes)


---------------  P R O C E S S  ---------------

Java Threads: ( => current thread )
  0x000000001a36b800 JavaThread "ForkJoinPool.commonPool-worker-0" daemon [_thread_in_native, id=4176, stack(0x0000000023f20000,0x0000000024020000)]
  0x000000001a367800 JavaThread "ForkJoinPool.commonPool-worker-3" daemon [_thread_in_native, id=5784, stack(0x0000000023e20000,0x0000000023f20000)]
  0x000000001a369000 JavaThread "ForkJoinPool.commonPool-worker-2" daemon [_thread_in_native, id=10640, stack(0x00000000239b0000,0x0000000023ab0000)]
  0x000000001a368800 JavaThread "ForkJoinPool.commonPool-worker-1" daemon [_thread_in_native, id=11840, stack(0x00000000233f0000,0x00000000234f0000)]
  0x000000001821e800 JavaThread "Cache worker for Java compile cache (C:\Users\analitik2\Desktop\Studium\Medieninfo\VocabluryBooster\.gradle\4.1\javaCompile)" [_thread_blocked, id=11452, stack(0x0000000022c60000,0x0000000022d60000)]
  0x000000001821c000 JavaThread "Task worker for ':' Thread 3" [_thread_blocked, id=9872, stack(0x0000000022b60000,0x0000000022c60000)]
  0x000000001821d800 JavaThread "Task worker for ':' Thread 2" [_thread_blocked, id=10904, stack(0x0000000022a60000,0x0000000022b60000)]
  0x0000000018219000 JavaThread "Task worker for ':'" [_thread_blocked, id=6832, stack(0x0000000022960000,0x0000000022a60000)]
  0x000000001821b800 JavaThread "Cache worker for task history cache (C:\Users\analitik2\Desktop\Studium\Medieninfo\VocabluryBooster\.gradle\4.1\taskHistory)" [_thread_blocked, id=9112, stack(0x0000000022860000,0x0000000022960000)]
  0x000000001821a000 JavaThread "Cache worker for file content cache (C:\Users\analitik2\Desktop\Studium\Medieninfo\VocabluryBooster\.gradle\4.1\fileContent)" [_thread_blocked, id=11420, stack(0x0000000021af0000,0x0000000021bf0000)]
  0x00000000199e0800 JavaThread "Memory manager" [_thread_blocked, id=11852, stack(0x00000000217f0000,0x00000000218f0000)]
  0x00000000199e2000 JavaThread "build operations Thread 4" [_thread_blocked, id=6000, stack(0x00000000212f0000,0x00000000213f0000)]
  0x00000000199e3000 JavaThread "build operations Thread 3" [_thread_blocked, id=7888, stack(0x00000000211f0000,0x00000000212f0000)]
  0x00000000199e1800 JavaThread "build operations Thread 2" [_thread_blocked, id=6052, stack(0x0000000020eb0000,0x0000000020fb0000)]
  0x00000000199dd800 JavaThread "build operations" [_thread_blocked, id=10212, stack(0x0000000020cb0000,0x0000000020db0000)]
  0x00000000199e0000 JavaThread "Cache worker for Artifact transforms cache (C:\Users\analitik2\.gradle\caches\transforms-1)" [_thread_blocked, id=8900, stack(0x000000001e980000,0x000000001ea80000)]
  0x00000000198f3000 JavaThread "Cache worker for file hash cache (C:\Users\analitik2\Desktop\Studium\Medieninfo\VocabluryBooster\.gradle\4.1\fileHashes)" [_thread_blocked, id=5904, stack(0x000000001be10000,0x000000001bf10000)]
  0x00000000194b4000 JavaThread "File lock request listener" [_thread_in_native, id=8040, stack(0x000000001bb10000,0x000000001bc10000)]
  0x0000000018ef9000 JavaThread "Cache worker for file hash cache (C:\Users\analitik2\.gradle\caches\4.1\fileHashes)" [_thread_blocked, id=5260, stack(0x000000001ba10000,0x000000001bb10000)]
  0x0000000018dfd000 JavaThread "Stdin handler" [_thread_blocked, id=9756, stack(0x000000001b910000,0x000000001ba10000)]
  0x0000000018dfc000 JavaThread "Asynchronous log dispatcher for DefaultDaemonConnection: socket connection from /127.0.0.1:52572 to /127.0.0.1:52573" [_thread_blocked, id=12056, stack(0x000000001b810000,0x000000001b910000)]
  0x000000001972c000 JavaThread "Daemon worker" [_thread_blocked, id=32, stack(0x000000001b710000,0x000000001b810000)]
  0x0000000019235000 JavaThread "Cancel handler" [_thread_blocked, id=10396, stack(0x000000001b610000,0x000000001b710000)]
  0x0000000019526000 JavaThread "Handler for socket connection from /127.0.0.1:52572 to /127.0.0.1:52573" [_thread_in_native, id=9232, stack(0x000000001b310000,0x000000001b410000)]
  0x00000000195bf000 JavaThread "Daemon" [_thread_blocked, id=2528, stack(0x000000001b210000,0x000000001b310000)]
  0x0000000018f82800 JavaThread "Daemon periodic checks" [_thread_blocked, id=8468, stack(0x000000001b110000,0x000000001b210000)]
  0x0000000018c65800 JavaThread "Incoming local TCP Connector on port 52572" [_thread_in_native, id=3736, stack(0x000000001ac30000,0x000000001ad30000)]
  0x00000000179d8800 JavaThread "Service Thread" daemon [_thread_blocked, id=2972, stack(0x0000000017db0000,0x0000000017eb0000)]
  0x0000000016028000 JavaThread "C1 CompilerThread2" daemon [_thread_blocked, id=10360, stack(0x00000000178b0000,0x00000000179b0000)]
  0x0000000016024000 JavaThread "C2 CompilerThread1" daemon [_thread_in_native, id=5672, stack(0x00000000177b0000,0x00000000178b0000)]
=>0x0000000016021800 JavaThread "C2 CompilerThread0" daemon [_thread_in_native, id=8740, stack(0x00000000176b0000,0x00000000177b0000)]
  0x0000000016020000 JavaThread "Attach Listener" daemon [_thread_blocked, id=9056, stack(0x00000000175b0000,0x00000000176b0000)]
  0x000000001601d000 JavaThread "Signal Dispatcher" daemon [_thread_blocked, id=11692, stack(0x00000000174b0000,0x00000000175b0000)]
  0x0000000016008800 JavaThread "Finalizer" daemon [_thread_blocked, id=10644, stack(0x00000000172d0000,0x00000000173d0000)]
  0x0000000015fe7000 JavaThread "Reference Handler" daemon [_thread_blocked, id=6252, stack(0x00000000171d0000,0x00000000172d0000)]
  0x00000000025b2800 JavaThread "main" [_thread_blocked, id=10400, stack(0x0000000002480000,0x0000000002580000)]

Other Threads:
  0x0000000015fe4800 VMThread [stack: 0x00000000170d0000,0x00000000171d0000] [id=8868]
  0x000000001607e000 WatcherThread [stack: 0x0000000017eb0000,0x0000000017fb0000] [id=2952]

VM state:not at safepoint (normal execution)

VM Mutex/Monitor currently owned by a thread: None

Heap:
 PSYoungGen      total 162304K, used 40335K [0x00000000e0000000, 0x00000000ec800000, 0x0000000100000000)
  eden space 140800K, 20% used [0x00000000e0000000,0x00000000e1c20c38,0x00000000e8980000)
  from space 21504K, 53% used [0x00000000e8980000,0x00000000e94c3348,0x00000000e9e80000)
  to   space 20992K, 0% used [0x00000000eb380000,0x00000000eb380000,0x00000000ec800000)
 ParOldGen       total 175616K, used 39955K [0x00000000a0000000, 0x00000000aab80000, 0x00000000e0000000)
  object space 175616K, 22% used [0x00000000a0000000,0x00000000a2704da0,0x00000000aab80000)
 Metaspace       used 61487K, capacity 63614K, committed 63704K, reserved 1103872K
  class space    used 8157K, capacity 8638K, committed 8704K, reserved 1048576K

Card table byte_map: [0x0000000011a70000,0x0000000011d80000] byte_map_base: 0x0000000011570000

Marking Bits: (ParMarkBitMap*) 0x000000006bdf3950
 Begin Bits: [0x0000000012380000, 0x0000000013b80000)
 End Bits:   [0x0000000013b80000, 0x0000000015380000)

Polling page: 0x0000000000ce0000

CodeCache: size=245760Kb used=26965Kb max_used=27884Kb free=218795Kb
 bounds [0x00000000026b0000, 0x0000000004250000, 0x00000000116b0000]
 total_blobs=8856 nmethods=8073 adapters=695
 compilation: enabled

Compilation events (10 events):
Event: 19.500 Thread 0x0000000016028000 9751       3       org.objectweb.asm.Type::getMethodDescriptor (53 bytes)
Event: 19.502 Thread 0x0000000016028000 nmethod 9751 0x000000000314ff10 code [0x0000000003150180, 0x0000000003151428]
Event: 19.504 Thread 0x0000000016028000 9753       3       java.io.FileOutputStream::open (7 bytes)
Event: 19.504 Thread 0x0000000016028000 nmethod 9753 0x0000000002968b50 code [0x0000000002968cc0, 0x0000000002968e48]
Event: 19.541 Thread 0x0000000016028000 9755       3       java.lang.Byte::toUnsignedInt (6 bytes)
Event: 19.541 Thread 0x0000000016028000 nmethod 9755 0x0000000003db8190 code [0x0000000003db82e0, 0x0000000003db8410]
Event: 19.542 Thread 0x0000000016028000 9756       3       org.objectweb.asm.ClassReader::a (500 bytes)
Event: 19.544 Thread 0x0000000016028000 nmethod 9756 0x0000000003d77f90 code [0x0000000003d781e0, 0x0000000003d791e8]
Event: 19.545 Thread 0x0000000016028000 9757       3       org.objectweb.asm.ClassReader::a (378 bytes)
Event: 19.548 Thread 0x0000000016028000 nmethod 9757 0x0000000003cc8c90 code [0x0000000003cc8fe0, 0x0000000003ccb0a8]

GC Heap History (10 events):
Event: 8.255 GC heap before
{Heap before GC invocations=10 (full 2):
 PSYoungGen      total 102400K, used 91648K [0x00000000e0000000, 0x00000000e9180000, 0x0000000100000000)
  eden space 91648K, 100% used [0x00000000e0000000,0x00000000e5980000,0x00000000e5980000)
  from space 10752K, 0% used [0x00000000e5980000,0x00000000e5980000,0x00000000e6400000)
  to   space 11776K, 0% used [0x00000000e8600000,0x00000000e8600000,0x00000000e9180000)
 ParOldGen       total 109056K, used 15793K [0x00000000a0000000, 0x00000000a6a80000, 0x00000000e0000000)
  object space 109056K, 14% used [0x00000000a0000000,0x00000000a0f6c6c8,0x00000000a6a80000)
 Metaspace       used 40679K, capacity 41506K, committed 41816K, reserved 1085440K
  class space    used 5398K, capacity 5679K, committed 5760K, reserved 1048576K
Event: 8.275 GC heap after
Heap after GC invocations=10 (full 2):
 PSYoungGen      total 133120K, used 9775K [0x00000000e0000000, 0x00000000e9000000, 0x0000000100000000)
  eden space 122880K, 0% used [0x00000000e0000000,0x00000000e0000000,0x00000000e7800000)
  from space 10240K, 95% used [0x00000000e8600000,0x00000000e8f8bf28,0x00000000e9000000)
  to   space 12288K, 0% used [0x00000000e7800000,0x00000000e7800000,0x00000000e8400000)
 ParOldGen       total 109056K, used 15801K [0x00000000a0000000, 0x00000000a6a80000, 0x00000000e0000000)
  object space 109056K, 14% used [0x00000000a0000000,0x00000000a0f6e6c8,0x00000000a6a80000)
 Metaspace       used 40679K, capacity 41506K, committed 41816K, reserved 1085440K
  class space    used 5398K, capacity 5679K, committed 5760K, reserved 1048576K
}
Event: 11.103 GC heap before
{Heap before GC invocations=11 (full 2):
 PSYoungGen      total 133120K, used 132655K [0x00000000e0000000, 0x00000000e9000000, 0x0000000100000000)
  eden space 122880K, 100% used [0x00000000e0000000,0x00000000e7800000,0x00000000e7800000)
  from space 10240K, 95% used [0x00000000e8600000,0x00000000e8f8bf28,0x00000000e9000000)
  to   space 12288K, 0% used [0x00000000e7800000,0x00000000e7800000,0x00000000e8400000)
 ParOldGen       total 109056K, used 15801K [0x00000000a0000000, 0x00000000a6a80000, 0x00000000e0000000)
  object space 109056K, 14% used [0x00000000a0000000,0x00000000a0f6e6c8,0x00000000a6a80000)
 Metaspace       used 50855K, capacity 52530K, committed 52696K, reserved 1095680K
  class space    used 6891K, capacity 7336K, committed 7424K, reserved 1048576K
Event: 11.130 GC heap after
Heap after GC invocations=11 (full 2):
 PSYoungGen      total 135168K, used 12264K [0x00000000e0000000, 0x00000000eae00000, 0x0000000100000000)
  eden space 122880K, 0% used [0x00000000e0000000,0x00000000e0000000,0x00000000e7800000)
  from space 12288K, 99% used [0x00000000e7800000,0x00000000e83fa030,0x00000000e8400000)
  to   space 15872K, 0% used [0x00000000e9e80000,0x00000000e9e80000,0x00000000eae00000)
 ParOldGen       total 109056K, used 20979K [0x00000000a0000000, 0x00000000a6a80000, 0x00000000e0000000)
  object space 109056K, 19% used [0x00000000a0000000,0x00000000a147ce00,0x00000000a6a80000)
 Metaspace       used 50855K, capacity 52530K, committed 52696K, reserved 1095680K
  class space    used 6891K, capacity 7336K, committed 7424K, reserved 1048576K
}
Event: 13.583 GC heap before
{Heap before GC invocations=12 (full 2):
 PSYoungGen      total 135168K, used 126014K [0x00000000e0000000, 0x00000000eae00000, 0x0000000100000000)
  eden space 122880K, 92% used [0x00000000e0000000,0x00000000e6f158d0,0x00000000e7800000)
  from space 12288K, 99% used [0x00000000e7800000,0x00000000e83fa030,0x00000000e8400000)
  to   space 15872K, 0% used [0x00000000e9e80000,0x00000000e9e80000,0x00000000eae00000)
 ParOldGen       total 109056K, used 20979K [0x00000000a0000000, 0x00000000a6a80000, 0x00000000e0000000)
  object space 109056K, 19% used [0x00000000a0000000,0x00000000a147ce00,0x00000000a6a80000)
 Metaspace       used 57121K, capacity 58918K, committed 59028K, reserved 1099776K
  class space    used 7699K, capacity 8170K, committed 8192K, reserved 1048576K
Event: 13.628 GC heap after
Heap after GC invocations=12 (full 2):
 PSYoungGen      total 156672K, used 15844K [0x00000000e0000000, 0x00000000ebb00000, 0x0000000100000000)
  eden space 140800K, 0% used [0x00000000e0000000,0x00000000e0000000,0x00000000e8980000)
  from space 15872K, 99% used [0x00000000e9e80000,0x00000000eadf93f0,0x00000000eae00000)
  to   space 21504K, 0% used [0x00000000e8980000,0x00000000e8980000,0x00000000e9e80000)
 ParOldGen       total 109056K, used 32098K [0x00000000a0000000, 0x00000000a6a80000, 0x00000000e0000000)
  object space 109056K, 29% used [0x00000000a0000000,0x00000000a1f58918,0x00000000a6a80000)
 Metaspace       used 57121K, capacity 58918K, committed 59028K, reserved 1099776K
  class space    used 7699K, capacity 8170K, committed 8192K, reserved 1048576K
}
Event: 13.628 GC heap before
{Heap before GC invocations=13 (full 3):
 PSYoungGen      total 156672K, used 15844K [0x00000000e0000000, 0x00000000ebb00000, 0x0000000100000000)
  eden space 140800K, 0% used [0x00000000e0000000,0x00000000e0000000,0x00000000e8980000)
  from space 15872K, 99% used [0x00000000e9e80000,0x00000000eadf93f0,0x00000000eae00000)
  to   space 21504K, 0% used [0x00000000e8980000,0x00000000e8980000,0x00000000e9e80000)
 ParOldGen       total 109056K, used 32098K [0x00000000a0000000, 0x00000000a6a80000, 0x00000000e0000000)
  object space 109056K, 29% used [0x00000000a0000000,0x00000000a1f58918,0x00000000a6a80000)
 Metaspace       used 57121K, capacity 58918K, committed 59028K, reserved 1099776K
  class space    used 7699K, capacity 8170K, committed 8192K, reserved 1048576K
Event: 13.966 GC heap after
Heap after GC invocations=13 (full 3):
 PSYoungGen      total 156672K, used 0K [0x00000000e0000000, 0x00000000ebb00000, 0x0000000100000000)
  eden space 140800K, 0% used [0x00000000e0000000,0x00000000e0000000,0x00000000e8980000)
  from space 15872K, 0% used [0x00000000e9e80000,0x00000000e9e80000,0x00000000eae00000)
  to   space 21504K, 0% used [0x00000000e8980000,0x00000000e8980000,0x00000000e9e80000)
 ParOldGen       total 175616K, used 39947K [0x00000000a0000000, 0x00000000aab80000, 0x00000000e0000000)
  object space 175616K, 22% used [0x00000000a0000000,0x00000000a2702da0,0x00000000aab80000)
 Metaspace       used 57121K, capacity 58918K, committed 59028K, reserved 1099776K
  class space    used 7699K, capacity 8170K, committed 8192K, reserved 1048576K
}
Event: 18.270 GC heap before
{Heap before GC invocations=14 (full 3):
 PSYoungGen      total 156672K, used 140800K [0x00000000e0000000, 0x00000000ebb00000, 0x0000000100000000)
  eden space 140800K, 100% used [0x00000000e0000000,0x00000000e8980000,0x00000000e8980000)
  from space 15872K, 0% used [0x00000000e9e80000,0x00000000e9e80000,0x00000000eae00000)
  to   space 21504K, 0% used [0x00000000e8980000,0x00000000e8980000,0x00000000e9e80000)
 ParOldGen       total 175616K, used 39947K [0x00000000a0000000, 0x00000000aab80000, 0x00000000e0000000)
  object space 175616K, 22% used [0x00000000a0000000,0x00000000a2702da0,0x00000000aab80000)
 Metaspace       used 60737K, capacity 62774K, committed 62808K, reserved 1103872K
  class space    used 8084K, capacity 8560K, committed 8576K, reserved 1048576K
Event: 18.296 GC heap after
Heap after GC invocations=14 (full 3):
 PSYoungGen      total 162304K, used 11532K [0x00000000e0000000, 0x00000000ec800000, 0x0000000100000000)
  eden space 140800K, 0% used [0x00000000e0000000,0x00000000e0000000,0x00000000e8980000)
  from space 21504K, 53% used [0x00000000e8980000,0x00000000e94c3348,0x00000000e9e80000)
  to   space 20992K, 0% used [0x00000000eb380000,0x00000000eb380000,0x00000000ec800000)
 ParOldGen       total 175616K, used 39955K [0x00000000a0000000, 0x00000000aab80000, 0x00000000e0000000)
  object space 175616K, 22% used [0x00000000a0000000,0x00000000a2704da0,0x00000000aab80000)
 Metaspace       used 60737K, capacity 62774K, committed 62808K, reserved 1103872K
  class space    used 8084K, capacity 8560K, committed 8576K, reserved 1048576K
}

Deoptimization events (10 events):
Event: 18.037 Thread 0x0000000018219000 Uncommon trap: reason=class_check action=maybe_recompile pc=0x00000000035d059c method=java.lang.AbstractStringBuilder.append(Ljava/lang/CharSequence;)Ljava/lang/AbstractStringBuilder; @ 26
Event: 18.037 Thread 0x0000000018219000 Uncommon trap: reason=class_check action=maybe_recompile pc=0x000000000329f824 method=java.lang.AbstractStringBuilder.append(Ljava/lang/CharSequence;II)Ljava/lang/AbstractStringBuilder; @ 18
Event: 18.122 Thread 0x000000001972c000 Uncommon trap: reason=unstable_if action=reinterpret pc=0x0000000003a08a80 method=org.gradle.api.internal.file.pattern.PatternMatcherFactory$PathMatcherBackedSpec.isSatisfiedBy(Lorg/gradle/api/file/RelativePath;)Z @ 11
Event: 18.147 Thread 0x000000001972c000 Uncommon trap: reason=class_check action=maybe_recompile pc=0x00000000041fef78 method=org.gradle.api.internal.file.pattern.PatternMatcherFactory$PathMatcherBackedSpec.isSatisfiedBy(Lorg/gradle/api/file/RelativePath;)Z @ 23
Event: 18.147 Thread 0x000000001972c000 Uncommon trap: reason=unstable_if action=reinterpret pc=0x00000000041eff84 method=org.gradle.api.internal.file.pattern.FixedStepPathMatcher.matches([Ljava/lang/String;I)Z @ 10
Event: 18.440 Thread 0x000000001821b800 Uncommon trap: reason=unstable_if action=reinterpret pc=0x00000000039f1c58 method=com.esotericsoftware.kryo.io.Output.writeBytes([BII)V @ 61
Event: 18.443 Thread 0x000000001821b800 Uncommon trap: reason=unstable_if action=reinterpret pc=0x00000000039f20f8 method=com.esotericsoftware.kryo.io.Output.writeBytes([BII)V @ 61
Event: 18.881 Thread 0x000000001821c000 Uncommon trap: reason=class_check action=maybe_recompile pc=0x00000000041fef78 method=org.gradle.api.internal.file.pattern.PatternMatcherFactory$PathMatcherBackedSpec.isSatisfiedBy(Lorg/gradle/api/file/RelativePath;)Z @ 23
Event: 19.109 Thread 0x000000001a368800 Uncommon trap: reason=null_assert action=make_not_entrant pc=0x00000000028eaf04 method=java.util.zip.ZipEntry.<init>(Ljava/util/zip/ZipEntry;)V @ 70
Event: 19.159 Thread 0x000000001a369000 Uncommon trap: reason=unstable_if action=reinterpret pc=0x00000000035c8b28 method=java.util.regex.Matcher.appendReplacement(Ljava/lang/StringBuffer;Ljava/lang/String;)Ljava/util/regex/Matcher; @ 47

Classes redefined (0 events):
No events

Internal exceptions (10 events):
Event: 12.448 Thread 0x0000000018219000 Exception <a 'java/lang/NoSuchMethodError': <clinit>> (0x00000000e3a51b10) thrown at [D:\src\AOSP-openjdk-cygwin\jdk8u\hotspot\src\share\vm\prims\jni.cpp, line 1613]
Event: 12.449 Thread 0x0000000018219000 Exception <a 'java/lang/NoSuchMethodError': <clinit>> (0x00000000e3a5af68) thrown at [D:\src\AOSP-openjdk-cygwin\jdk8u\hotspot\src\share\vm\prims\jni.cpp, line 1613]
Event: 12.885 Thread 0x0000000018219000 Implicit null exception at 0x0000000003a1a32f to 0x0000000003a1fb15
Event: 17.810 Thread 0x000000001a368800 Exception <a 'java/lang/NoSuchMethodError': java.lang.Object.lambda$asRunnable$0(Lcom/android/apkzlib/utils/IOExceptionRunnable;)V> (0x00000000e4458328) thrown at [D:\src\AOSP-openjdk-cygwin\jdk8u\hotspot\src\share\vm\interpreter\linkResolver.cpp, line 58
Event: 17.825 Thread 0x000000001a368800 Exception <a 'java/lang/ClassNotFoundException': org/gradle/api/plugins/JavaPluginConventionBeanInfo> (0x00000000e454bee0) thrown at [D:\src\AOSP-openjdk-cygwin\jdk8u\hotspot\src\share\vm\classfile\systemDictionary.cpp, line 210]
Event: 17.826 Thread 0x000000001a368800 Exception <a 'java/lang/ClassNotFoundException': org/gradle/api/plugins/JavaPluginConventionCustomizer> (0x00000000e457e498) thrown at [D:\src\AOSP-openjdk-cygwin\jdk8u\hotspot\src\share\vm\classfile\systemDictionary.cpp, line 210]
Event: 17.858 Thread 0x000000001a368800 Exception <a 'java/lang/NoSuchMethodError': java.lang.Object.lambda$comparing$ea9a8b3a$1(Ljava/util/Comparator;Ljava/util/function/Function;Ljava/lang/Object;Ljava/lang/Object;)I> (0x00000000e478e028) thrown at [D:\src\AOSP-openjdk-cygwin\jdk8u\hotspot\sr
Event: 17.876 Thread 0x000000001a368800 Exception <a 'java/lang/NoSuchMethodError': java.lang.Object.lambda$or$2(Ljava/util/function/Predicate;Ljava/lang/Object;)Z> (0x00000000e49c3f50) thrown at [D:\src\AOSP-openjdk-cygwin\jdk8u\hotspot\src\share\vm\interpreter\linkResolver.cpp, line 584]
Event: 17.970 Thread 0x0000000018219000 Exception <a 'java/lang/IncompatibleClassChangeError': Found class java.lang.Object, but interface was expected> (0x00000000e3ad17d0) thrown at [D:\src\AOSP-openjdk-cygwin\jdk8u\hotspot\src\share\vm\interpreter\linkResolver.cpp, line 643]
Event: 18.508 Thread 0x000000001821d800 Exception <a 'java/lang/NoSuchMethodError': <clinit>> (0x00000000e0719c10) thrown at [D:\src\AOSP-openjdk-cygwin\jdk8u\hotspot\src\share\vm\prims\jni.cpp, line 1613]

Events (10 events):
Event: 19.278 Executing VM operation: RevokeBias
Event: 19.289 Executing VM operation: RevokeBias done
Event: 19.358 Executing VM operation: RevokeBias
Event: 19.358 Executing VM operation: RevokeBias done
Event: 19.384 Executing VM operation: RevokeBias
Event: 19.385 Executing VM operation: RevokeBias done
Event: 19.491 loading class org/objectweb/asm/Handler
Event: 19.491 loading class org/objectweb/asm/Handler done
Event: 19.541 Executing VM operation: RevokeBias
Event: 19.541 Executing VM operation: RevokeBias done


Dynamic libraries:
0x00007ff7d1170000 - 0x00007ff7d11a1000 	C:\Program Files\Android\Android Studio\jre\bin\java.exe
0x00007ffcea6f0000 - 0x00007ffcea89d000 	C:\WINDOWS\SYSTEM32\ntdll.dll
0x00007ffce9d60000 - 0x00007ffce9e9e000 	C:\WINDOWS\system32\KERNEL32.DLL
0x00007ffce7b60000 - 0x00007ffce7c75000 	C:\WINDOWS\system32\KERNELBASE.dll
0x00007ffce9bb0000 - 0x00007ffce9c5a000 	C:\WINDOWS\system32\ADVAPI32.dll
0x00007ffcea0e0000 - 0x00007ffcea257000 	C:\WINDOWS\system32\USER32.dll
0x00007ffce54a0000 - 0x00007ffce571b000 	C:\WINDOWS\WinSxS\amd64_microsoft.windows.common-controls_6595b64144ccf1df_6.0.9600.18006_none_623f33d3ecbe86e8\COMCTL32.dll
0x00007ffce8100000 - 0x00007ffce81aa000 	C:\WINDOWS\system32\msvcrt.dll
0x00007ffce9c90000 - 0x00007ffce9ce9000 	C:\WINDOWS\SYSTEM32\sechost.dll
0x00007ffce7d80000 - 0x00007ffce7ec0000 	C:\WINDOWS\system32\RPCRT4.dll
0x00007ffcea5a0000 - 0x00007ffcea6f0000 	C:\WINDOWS\system32\GDI32.dll
0x00007ffce7950000 - 0x00007ffce797e000 	C:\WINDOWS\system32\SspiCli.dll
0x00007ffce7f20000 - 0x00007ffce7f56000 	C:\WINDOWS\system32\IMM32.DLL
0x00007ffce9a50000 - 0x00007ffce9ba2000 	C:\WINDOWS\system32\MSCTF.dll
0x000000006b550000 - 0x000000006b622000 	C:\Program Files\Android\Android Studio\jre\jre\bin\msvcr100.dll
0x000000006b630000 - 0x000000006be6e000 	C:\Program Files\Android\Android Studio\jre\jre\bin\server\jvm.dll
0x00007ffcdd6f0000 - 0x00007ffcdd6f9000 	C:\WINDOWS\SYSTEM32\WSOCK32.dll
0x00007ffcde7b0000 - 0x00007ffcde7d2000 	C:\WINDOWS\SYSTEM32\WINMM.dll
0x00007ffce3fe0000 - 0x00007ffce3fea000 	C:\WINDOWS\SYSTEM32\VERSION.dll
0x00007ffce9c70000 - 0x00007ffce9c77000 	C:\WINDOWS\system32\PSAPI.DLL
0x00007ffcea080000 - 0x00007ffcea0da000 	C:\WINDOWS\system32\WS2_32.dll
0x00007ffcde780000 - 0x00007ffcde7aa000 	C:\WINDOWS\SYSTEM32\WINMMBASE.dll
0x00007ffce9c80000 - 0x00007ffce9c89000 	C:\WINDOWS\system32\NSI.dll
0x00007ffce7d30000 - 0x00007ffce7d7f000 	C:\WINDOWS\SYSTEM32\cfgmgr32.dll
0x00007ffce6640000 - 0x00007ffce6668000 	C:\WINDOWS\SYSTEM32\DEVOBJ.dll
0x00007ffce0b80000 - 0x00007ffce0b8f000 	C:\Program Files\Android\Android Studio\jre\jre\bin\verify.dll
0x00007ffcd52e0000 - 0x00007ffcd5309000 	C:\Program Files\Android\Android Studio\jre\jre\bin\java.dll
0x00007ffcd5fb0000 - 0x00007ffcd5fc6000 	C:\Program Files\Android\Android Studio\jre\jre\bin\zip.dll
0x00007ffce8280000 - 0x00007ffce97aa000 	C:\WINDOWS\system32\SHELL32.dll
0x00007ffcea260000 - 0x00007ffcea471000 	C:\WINDOWS\SYSTEM32\combase.dll
0x00007ffce7ec0000 - 0x00007ffce7f14000 	C:\WINDOWS\system32\SHLWAPI.dll
0x00007ffce5dc0000 - 0x00007ffce5e72000 	C:\WINDOWS\SYSTEM32\SHCORE.dll
0x00007ffce7820000 - 0x00007ffce7835000 	C:\WINDOWS\SYSTEM32\profapi.dll
0x00007ffcd5270000 - 0x00007ffcd528a000 	C:\Program Files\Android\Android Studio\jre\jre\bin\net.dll
0x00007ffce7180000 - 0x00007ffce71d9000 	C:\WINDOWS\system32\mswsock.dll
0x00007ffcd3bf0000 - 0x00007ffcd3c01000 	C:\Program Files\Android\Android Studio\jre\jre\bin\nio.dll
0x00007ffccd990000 - 0x00007ffccd9ae000 	C:\Users\analitik2\.gradle\native\25\windows-amd64\native-platform.dll
0x00007ffcd5f60000 - 0x00007ffcd5f6d000 	C:\Program Files\Android\Android Studio\jre\jre\bin\management.dll
0x00007ffce71e0000 - 0x00007ffce7200000 	C:\WINDOWS\SYSTEM32\CRYPTSP.dll
0x00007ffce6d70000 - 0x00007ffce6da6000 	C:\WINDOWS\system32\rsaenh.dll
0x00007ffce72d0000 - 0x00007ffce72f6000 	C:\WINDOWS\SYSTEM32\bcrypt.dll
0x00007ffce6e20000 - 0x00007ffce6e41000 	C:\WINDOWS\SYSTEM32\USERENV.dll
0x00007ffce7620000 - 0x00007ffce7683000 	C:\WINDOWS\system32\bcryptprimitives.dll
0x00007ffce7790000 - 0x00007ffce779b000 	C:\WINDOWS\SYSTEM32\CRYPTBASE.dll
0x00007ffce14e0000 - 0x00007ffce150a000 	C:\WINDOWS\SYSTEM32\IPHLPAPI.DLL
0x00007ffce14d0000 - 0x00007ffce14da000 	C:\WINDOWS\SYSTEM32\WINNSI.DLL
0x00007ffce0150000 - 0x00007ffce0166000 	C:\WINDOWS\SYSTEM32\dhcpcsvc6.DLL
0x00007ffce0390000 - 0x00007ffce03aa000 	C:\WINDOWS\SYSTEM32\dhcpcsvc.DLL

VM Arguments:
jvm_args: -Xmx1536m -Dfile.encoding=windows-1251 -Duser.country=RU -Duser.language=ru -Duser.variant 
java_command: org.gradle.launcher.daemon.bootstrap.GradleDaemon 4.1
java_class_path (initial): C:\Users\analitik2\.gradle\wrapper\dists\gradle-4.1-all\bzyivzo6n839fup2jbap0tjew\gradle-4.1\lib\gradle-launcher-4.1.jar
Launcher Type: SUN_STANDARD

Environment Variables:
USERNAME=analitik
OS=Windows_NT
PROCESSOR_IDENTIFIER=Intel64 Family 6 Model 69 Stepping 1, GenuineIntel



---------------  S Y S T E M  ---------------

OS: Windows 8.1 , 64 bit Build 9600 (6.3.9600.17415)

CPU:total 4 (initial active 4) (2 cores per cpu, 2 threads per core) family 6 model 69 stepping 1, cmov, cx8, fxsr, mmx, sse, sse2, sse3, ssse3, sse4.1, sse4.2, popcnt, avx, avx2, aes, clmul, erms, lzcnt, ht, tsc, tscinvbit, bmi1, bmi2

Memory: 4k page, physical 8310040k(1634088k free), swap 11455768k(5128k free)

vm_info: OpenJDK 64-Bit Server VM (25.152-b01) for windows-amd64 JRE (1.8.0_152-release-915-b01), built by "builder" with MS VC++ 10.0 (VS2010)

time: Tue Mar 06 16:36:33 2018
elapsed time: 19 seconds (0d 0h 0m 19s)

